Using pre-set license
Built from '2022.3/staging' branch; Version is '2022.3.4f1 (35713cd46cd7) revision 3502396'; Using compiler version '192829333'; Build Type 'Release'
OS: 'Windows 11  (10.0.22631) 64bit CoreSingleLanguage' Language: 'en' Physical Memory: 14188 MB
BatchMode: 1, IsHumanControllingUs: 0, StartBugReporterOnCrash: 0, Is64bit: 1, IsPro: 1

COMMAND LINE ARGUMENTS:
C:\Program Files\Unity\Hub\Editor\2022.3.4f1\Editor\Unity.exe
-adb2
-batchMode
-noUpm
-name
AssetImportWorker3
-projectPath
C:/unitygames/Unity-Multiplayer-Networking-NodeJS/Simple Multiplayer NodeJS
-logFile
Logs/AssetImportWorker3.log
-srvPort
60745
Successfully changed project path to: C:/unitygames/Unity-Multiplayer-Networking-NodeJS/Simple Multiplayer NodeJS
C:/unitygames/Unity-Multiplayer-Networking-NodeJS/Simple Multiplayer NodeJS
[UnityMemory] Configuration Parameters - Can be set up in boot.config
    "memorysetup-bucket-allocator-granularity=16"
    "memorysetup-bucket-allocator-bucket-count=8"
    "memorysetup-bucket-allocator-block-size=33554432"
    "memorysetup-bucket-allocator-block-count=8"
    "memorysetup-main-allocator-block-size=16777216"
    "memorysetup-thread-allocator-block-size=16777216"
    "memorysetup-gfx-main-allocator-block-size=16777216"
    "memorysetup-gfx-thread-allocator-block-size=16777216"
    "memorysetup-cache-allocator-block-size=4194304"
    "memorysetup-typetree-allocator-block-size=2097152"
    "memorysetup-profiler-bucket-allocator-granularity=16"
    "memorysetup-profiler-bucket-allocator-bucket-count=8"
    "memorysetup-profiler-bucket-allocator-block-size=33554432"
    "memorysetup-profiler-bucket-allocator-block-count=8"
    "memorysetup-profiler-allocator-block-size=16777216"
    "memorysetup-profiler-editor-allocator-block-size=1048576"
    "memorysetup-temp-allocator-size-main=16777216"
    "memorysetup-job-temp-allocator-block-size=2097152"
    "memorysetup-job-temp-allocator-block-size-background=1048576"
    "memorysetup-job-temp-allocator-reduction-small-platforms=262144"
    "memorysetup-allocator-temp-initial-block-size-main=262144"
    "memorysetup-allocator-temp-initial-block-size-worker=262144"
    "memorysetup-temp-allocator-size-background-worker=32768"
    "memorysetup-temp-allocator-size-job-worker=262144"
    "memorysetup-temp-allocator-size-preload-manager=33554432"
    "memorysetup-temp-allocator-size-nav-mesh-worker=65536"
    "memorysetup-temp-allocator-size-audio-worker=65536"
    "memorysetup-temp-allocator-size-cloud-worker=32768"
    "memorysetup-temp-allocator-size-gi-baking-worker=262144"
    "memorysetup-temp-allocator-size-gfx=262144"
Player connection [15276] Host "[IP] 192.168.1.8 [Port] 0 [Flags] 2 [Guid] 3022821414 [EditorId] 3022821414 [Version] 1048832 [Id] WindowsEditor(7,LAPTOP-ARIJ4KUE) [Debug] 1 [PackageName] WindowsEditor [ProjectName] Editor" joined multi-casting on [225.0.0.222:54997]...

Player connection [15276] Host "[IP] 192.168.1.8 [Port] 0 [Flags] 2 [Guid] 3022821414 [EditorId] 3022821414 [Version] 1048832 [Id] WindowsEditor(7,LAPTOP-ARIJ4KUE) [Debug] 1 [PackageName] WindowsEditor [ProjectName] Editor" joined alternative multi-casting on [225.0.0.222:34997]...

Refreshing native plugins compatible for Editor in 5.79 ms, found 2 plugins.
Preloading 0 native plugins for Editor in 0.00 ms.
Initialize engine version: 2022.3.4f1 (35713cd46cd7)
[Subsystems] Discovering subsystems at path C:/Program Files/Unity/Hub/Editor/2022.3.4f1/Editor/Data/Resources/UnitySubsystems
[Subsystems] Discovering subsystems at path C:/unitygames/Unity-Multiplayer-Networking-NodeJS/Simple Multiplayer NodeJS/Assets
GfxDevice: creating device client; threaded=0; jobified=0
Direct3D:
    Version:  Direct3D 11.0 [level 11.1]
    Renderer: NVIDIA GeForce RTX 3050 Laptop GPU (ID=0x25e2)
    Vendor:   NVIDIA
    VRAM:     3964 MB
    Driver:   32.0.15.5599
Initialize mono
Mono path[0] = 'C:/Program Files/Unity/Hub/Editor/2022.3.4f1/Editor/Data/Managed'
Mono path[1] = 'C:/Program Files/Unity/Hub/Editor/2022.3.4f1/Editor/Data/MonoBleedingEdge/lib/mono/unityjit-win32'
Mono config path = 'C:/Program Files/Unity/Hub/Editor/2022.3.4f1/Editor/Data/MonoBleedingEdge/etc'
Using monoOptions --debugger-agent=transport=dt_socket,embedding=1,server=y,suspend=n,address=127.0.0.1:56772
Begin MonoManager ReloadAssembly
Registering precompiled unity dll's ...
Register platform support module: C:/Program Files/Unity/Hub/Editor/2022.3.4f1/Editor/Data/PlaybackEngines/WebGLSupport/UnityEditor.WebGL.Extensions.dll
Register platform support module: C:/Program Files/Unity/Hub/Editor/2022.3.4f1/Editor/Data/PlaybackEngines/MacStandaloneSupport/UnityEditor.OSXStandalone.Extensions.dll
Register platform support module: C:/Program Files/Unity/Hub/Editor/2022.3.4f1/Editor/Data/PlaybackEngines/AndroidPlayer/UnityEditor.Android.Extensions.dll
Register platform support module: C:/Program Files/Unity/Hub/Editor/2022.3.4f1/Editor/Data/PlaybackEngines/iOSSupport/UnityEditor.iOS.Extensions.dll
Register platform support module: C:/Program Files/Unity/Hub/Editor/2022.3.4f1/Editor/Data/PlaybackEngines/AppleTVSupport/UnityEditor.AppleTV.Extensions.dll
Register platform support module: C:/Program Files/Unity/Hub/Editor/2022.3.4f1/Editor/Data/PlaybackEngines/WindowsStandaloneSupport/UnityEditor.WindowsStandalone.Extensions.dll
Register platform support module: C:/Program Files/Unity/Hub/Editor/2022.3.4f1/Editor/Data/PlaybackEngines/LinuxStandaloneSupport/UnityEditor.LinuxStandalone.Extensions.dll
Register platform support module: C:/Program Files/Unity/Hub/Editor/2022.3.4f1/Editor/Data/PlaybackEngines/MetroSupport/UnityEditor.UWP.Extensions.dll
Registered in 0.020080 seconds.
- Loaded All Assemblies, in  0.388 seconds
Native extension for UWP target not found
Native extension for LinuxStandalone target not found
Native extension for WindowsStandalone target not found
[usbmuxd] Start listen thread
[usbmuxd] Listen thread started
Native extension for AppleTV target not found
[usbmuxd] Start listen thread
[usbmuxd] Listen thread started
Native extension for iOS target not found
Native extension for Android target not found
Android Extension - Scanning For ADB Devices 312 ms
Native extension for OSXStandalone target not found
Native extension for WebGL target not found
Mono: successfully reloaded assembly
- Finished resetting the current domain, in  0.718 seconds
Domain Reload Profiling: 1103ms
	BeginReloadAssembly (88ms)
		ExecutionOrderSort (0ms)
		DisableScriptedObjects (0ms)
		BackupInstance (0ms)
		ReleaseScriptingObjects (0ms)
		CreateAndSetChildDomain (1ms)
	RebuildCommonClasses (33ms)
	RebuildNativeTypeToScriptingClass (10ms)
	initialDomainReloadingComplete (75ms)
	LoadAllAssembliesAndSetupDomain (179ms)
		LoadAssemblies (89ms)
		RebuildTransferFunctionScriptingTraits (0ms)
		AnalyzeDomain (167ms)
			TypeCache.Refresh (166ms)
				TypeCache.ScanAssembly (153ms)
			ScanForSourceGeneratedMonoScriptInfo (0ms)
			ResolveRequiredComponents (0ms)
	FinalizeReload (719ms)
		ReleaseScriptCaches (0ms)
		RebuildScriptCaches (0ms)
		SetupLoadedEditorAssemblies (655ms)
			LogAssemblyErrors (0ms)
			InitializePlatformSupportModulesInManaged (490ms)
			SetLoadedEditorAssemblies (3ms)
			RefreshPlugins (0ms)
			BeforeProcessingInitializeOnLoad (2ms)
			ProcessInitializeOnLoadAttributes (109ms)
			ProcessInitializeOnLoadMethodAttributes (51ms)
			AfterProcessingInitializeOnLoad (0ms)
			EditorAssembliesLoaded (0ms)
		ExecutionOrderSort2 (0ms)
		AwakeInstancesAfterBackupRestoration (0ms)
========================================================================
Worker process is ready to serve import requests
Begin MonoManager ReloadAssembly
- Loaded All Assemblies, in  0.723 seconds
Refreshing native plugins compatible for Editor in 1.99 ms, found 2 plugins.
Native extension for UWP target not found
Native extension for LinuxStandalone target not found
Native extension for WindowsStandalone target not found
Native extension for AppleTV target not found
Native extension for iOS target not found
Native extension for Android target not found
Native extension for OSXStandalone target not found
Native extension for WebGL target not found
Mono: successfully reloaded assembly
- Finished resetting the current domain, in  0.527 seconds
Domain Reload Profiling: 1246ms
	BeginReloadAssembly (154ms)
		ExecutionOrderSort (0ms)
		DisableScriptedObjects (6ms)
		BackupInstance (0ms)
		ReleaseScriptingObjects (0ms)
		CreateAndSetChildDomain (31ms)
	RebuildCommonClasses (38ms)
	RebuildNativeTypeToScriptingClass (18ms)
	initialDomainReloadingComplete (58ms)
	LoadAllAssembliesAndSetupDomain (452ms)
		LoadAssemblies (268ms)
		RebuildTransferFunctionScriptingTraits (0ms)
		AnalyzeDomain (255ms)
			TypeCache.Refresh (245ms)
				TypeCache.ScanAssembly (230ms)
			ScanForSourceGeneratedMonoScriptInfo (7ms)
			ResolveRequiredComponents (2ms)
	FinalizeReload (527ms)
		ReleaseScriptCaches (0ms)
		RebuildScriptCaches (0ms)
		SetupLoadedEditorAssemblies (355ms)
			LogAssemblyErrors (0ms)
			InitializePlatformSupportModulesInManaged (53ms)
			SetLoadedEditorAssemblies (3ms)
			RefreshPlugins (0ms)
			BeforeProcessingInitializeOnLoad (42ms)
			ProcessInitializeOnLoadAttributes (231ms)
			ProcessInitializeOnLoadMethodAttributes (20ms)
			AfterProcessingInitializeOnLoad (6ms)
			EditorAssembliesLoaded (0ms)
		ExecutionOrderSort2 (0ms)
		AwakeInstancesAfterBackupRestoration (6ms)
Launched and connected shader compiler UnityShaderCompiler.exe after 0.06 seconds
Refreshing native plugins compatible for Editor in 2.03 ms, found 2 plugins.
Preloading 0 native plugins for Editor in 0.00 ms.
Unloading 1485 Unused Serialized files (Serialized files now loaded: 0)
Unloading 21 unused Assets / (53.2 KB). Loaded Objects now: 1958.
Memory consumption went from 84.2 MB to 84.2 MB.
Total: 6.549900 ms (FindLiveObjects: 0.870400 ms CreateObjectMapping: 0.113800 ms MarkObjects: 5.439700 ms  DeleteObjects: 0.124000 ms)

AssetImportParameters requested are different than current active one (requested -> active):
  custom:video-encoder-webm-vp8: eb34c28f22e8b96e1ab97ce403110664 -> 
  custom:video-decoder-webm-vp8: 9c59270c3fd7afecdb556c50c9e8de78 -> 
  custom:audio-decoder-ogg-vorbis: bf7c407c2cedff20999df2af8eb42d56 -> 
  custom:container-demuxer-ogg: 62fdf1f143b41e24485cea50d1cbac27 -> 
  custom:AudioImporter_EditorPlatform: d09bf68614088b80899f8185d706f6e7 -> 
  custom:container-demuxer-webm: 4f35f7cbe854078d1ac9338744f61a02 -> 
  custom:video-codec-MediaFoundation-h265: 746d11721c4dcdbdad8f713fa42b33f4 -> 
  custom:video-decoder-ogg-theora: a1e56fd34408186e4bbccfd4996cb3dc -> 
  custom:audio-encoder-webm-vorbis: bf7c407c2cedff20999df2af8eb42d56 -> 
  custom:framework-win-MediaFoundation: 216162199b28c13a410421893ffa2e32 -> 
  custom:container-muxer-webm: aa71ff27fc2769a1b78a27578f13a17b -> 
========================================================================
Received Import Request.
  Time since last request: 77979.452506 seconds.
  path: Assets/Materials/Brown.mat
  artifactKey: Guid(7920bb0bab6f44adcb550153c5c51074) Importer(2089858483,0ecaa5967403d082aa24f35e1b516d23)
Start importing Assets/Materials/Brown.mat using Guid(7920bb0bab6f44adcb550153c5c51074) Importer(2089858483,0ecaa5967403d082aa24f35e1b516d23) Generated GUIDs only implemented for interfaces!
 -> (artifact id: '64a052c53caec19df83573afd6946399') in 0.189375 seconds
Number of updated asset objects reloaded before import = 0
Number of asset objects unloaded after import = 1
========================================================================
Received Import Request.
  Time since last request: 0.000020 seconds.
  path: Assets/SocketIO/Readme.txt
  artifactKey: Guid(b52026292ddad4d6fad7f461936e38c0) Importer(2089858483,0ecaa5967403d082aa24f35e1b516d23)
Start importing Assets/SocketIO/Readme.txt using Guid(b52026292ddad4d6fad7f461936e38c0) Importer(2089858483,0ecaa5967403d082aa24f35e1b516d23) Generated GUIDs only implemented for interfaces!
 -> (artifact id: '6b444f5682057a19840da9e3dd2dd676') in 0.011862 seconds
Number of updated asset objects reloaded before import = 0
Number of asset objects unloaded after import = 1
========================================================================
Received Import Request.
  Time since last request: 0.000028 seconds.
  path: Assets/SocketIO/WebsocketSharp/Net/ListenerAsyncResult.cs
  artifactKey: Guid(e774199d106829e4882dd9cd4606900f) Importer(2089858483,0ecaa5967403d082aa24f35e1b516d23)
Start importing Assets/SocketIO/WebsocketSharp/Net/ListenerAsyncResult.cs using Guid(e774199d106829e4882dd9cd4606900f) Importer(2089858483,0ecaa5967403d082aa24f35e1b516d23) Generated GUIDs only implemented for interfaces!
 -> (artifact id: '0519348aa331863b4e5f696cf42ff2ba') in 0.011047 seconds
Number of updated asset objects reloaded before import = 0
Number of asset objects unloaded after import = 1
========================================================================
Received Import Request.
  Time since last request: 0.000100 seconds.
  path: Assets/SocketIO/Scripts/Test/TestSocketIO.cs
  artifactKey: Guid(9484cf1f87e894773ab4d8564652833d) Importer(2089858483,0ecaa5967403d082aa24f35e1b516d23)
Start importing Assets/SocketIO/Scripts/Test/TestSocketIO.cs using Guid(9484cf1f87e894773ab4d8564652833d) Importer(2089858483,0ecaa5967403d082aa24f35e1b516d23) Generated GUIDs only implemented for interfaces!
 -> (artifact id: '6df2730683a34f44ac8478cae11405ce') in 0.013319 seconds
Number of updated asset objects reloaded before import = 0
Number of asset objects unloaded after import = 1
========================================================================
Received Import Request.
  Time since last request: 0.000024 seconds.
  path: Assets/SocketIO/WebsocketSharp/Net/AuthenticationChallenge.cs
  artifactKey: Guid(02402f9bf7e946a4fa6749872bdd33d0) Importer(2089858483,0ecaa5967403d082aa24f35e1b516d23)
Start importing Assets/SocketIO/WebsocketSharp/Net/AuthenticationChallenge.cs using Guid(02402f9bf7e946a4fa6749872bdd33d0) Importer(2089858483,0ecaa5967403d082aa24f35e1b516d23) Generated GUIDs only implemented for interfaces!
 -> (artifact id: '8ad31d080eb7fd57da9ae12336ff0109') in 0.013263 seconds
Number of updated asset objects reloaded before import = 0
Number of asset objects unloaded after import = 1
========================================================================
Received Import Request.
  Time since last request: 0.000020 seconds.
  path: Assets/SocketIO/WebsocketSharp/Net/HttpStreamAsyncResult.cs
  artifactKey: Guid(b58ef061e9d1d524c855bcbe20e4e2cd) Importer(2089858483,0ecaa5967403d082aa24f35e1b516d23)
Start importing Assets/SocketIO/WebsocketSharp/Net/HttpStreamAsyncResult.cs using Guid(b58ef061e9d1d524c855bcbe20e4e2cd) Importer(2089858483,0ecaa5967403d082aa24f35e1b516d23) Generated GUIDs only implemented for interfaces!
 -> (artifact id: 'c600c4e7c7f897be9f05b818b83f06a9') in 0.011653 seconds
Number of updated asset objects reloaded before import = 0
Number of asset objects unloaded after import = 1
========================================================================
Received Import Request.
  Time since last request: 0.000021 seconds.
  path: Assets/SocketIO/WebsocketSharp/HandshakeRequest.cs
  artifactKey: Guid(b2bf9efaee14d414eb4c6a81cbdb1b2a) Importer(2089858483,0ecaa5967403d082aa24f35e1b516d23)
Start importing Assets/SocketIO/WebsocketSharp/HandshakeRequest.cs using Guid(b2bf9efaee14d414eb4c6a81cbdb1b2a) Importer(2089858483,0ecaa5967403d082aa24f35e1b516d23) Generated GUIDs only implemented for interfaces!
 -> (artifact id: '0c7f0e087aadad5fc31f426da2fd03d1') in 0.010967 seconds
Number of updated asset objects reloaded before import = 0
Number of asset objects unloaded after import = 1
========================================================================
Received Import Request.
  Time since last request: 0.000024 seconds.
  path: Assets/Scripts/SpawnPoint.cs
  artifactKey: Guid(92e4704f04f63432d8ad52f9b60aada5) Importer(2089858483,0ecaa5967403d082aa24f35e1b516d23)
Start importing Assets/Scripts/SpawnPoint.cs using Guid(92e4704f04f63432d8ad52f9b60aada5) Importer(2089858483,0ecaa5967403d082aa24f35e1b516d23) Generated GUIDs only implemented for interfaces!
 -> (artifact id: '217a74fc6178271de028f6480253a6f8') in 0.012946 seconds
Number of updated asset objects reloaded before import = 0
Number of asset objects unloaded after import = 1
========================================================================
Received Import Request.
  Time since last request: 0.000032 seconds.
  path: Assets/SocketIO/WebsocketSharp/Net/WebSockets/HttpListenerWebSocketContext.cs
  artifactKey: Guid(d6d636d72962f5d44aef6cebbf7e0e7b) Importer(2089858483,0ecaa5967403d082aa24f35e1b516d23)
Start importing Assets/SocketIO/WebsocketSharp/Net/WebSockets/HttpListenerWebSocketContext.cs using Guid(d6d636d72962f5d44aef6cebbf7e0e7b) Importer(2089858483,0ecaa5967403d082aa24f35e1b516d23) Generated GUIDs only implemented for interfaces!
 -> (artifact id: '57879a38b5885791d849958dc45bfb34') in 0.013657 seconds
Number of updated asset objects reloaded before import = 0
Number of asset objects unloaded after import = 1
========================================================================
Received Import Request.
  Time since last request: 0.000025 seconds.
  path: Assets/SocketIO/WebsocketSharp/Net/HttpConnection.cs
  artifactKey: Guid(b74ef60f30bf36d4f9f65782d8334903) Importer(2089858483,0ecaa5967403d082aa24f35e1b516d23)
Start importing Assets/SocketIO/WebsocketSharp/Net/HttpConnection.cs using Guid(b74ef60f30bf36d4f9f65782d8334903) Importer(2089858483,0ecaa5967403d082aa24f35e1b516d23) Generated GUIDs only implemented for interfaces!
 -> (artifact id: '771dc8300db5dc7ee89a4632ef5c0446') in 0.011677 seconds
Number of updated asset objects reloaded before import = 0
Number of asset objects unloaded after import = 1
========================================================================
Received Import Request.
  Time since last request: 0.000060 seconds.
  path: Assets/SocketIO/WebsocketSharp/Net/ChunkStream.cs
  artifactKey: Guid(3258eeefc74d97b4d91d81fa3c883e7c) Importer(2089858483,0ecaa5967403d082aa24f35e1b516d23)
Start importing Assets/SocketIO/WebsocketSharp/Net/ChunkStream.cs using Guid(3258eeefc74d97b4d91d81fa3c883e7c) Importer(2089858483,0ecaa5967403d082aa24f35e1b516d23) Generated GUIDs only implemented for interfaces!
 -> (artifact id: 'f6ce5269f425995f1b2a21c8f878b8af') in 0.011162 seconds
Number of updated asset objects reloaded before import = 0
Number of asset objects unloaded after import = 1
========================================================================
Received Import Request.
  Time since last request: 0.000024 seconds.
  path: Assets/SocketIO/Scripts/SocketIO/Encoder.cs
  artifactKey: Guid(d7740b68868194e789ed20c53019c622) Importer(2089858483,0ecaa5967403d082aa24f35e1b516d23)
Start importing Assets/SocketIO/Scripts/SocketIO/Encoder.cs using Guid(d7740b68868194e789ed20c53019c622) Importer(2089858483,0ecaa5967403d082aa24f35e1b516d23) Generated GUIDs only implemented for interfaces!
 -> (artifact id: '7098718e7e26b6a94c6922d4d33ed6be') in 0.012833 seconds
Number of updated asset objects reloaded before import = 0
Number of asset objects unloaded after import = 1
========================================================================
Received Import Request.
  Time since last request: 0.000037 seconds.
  path: Assets/SocketIO/WebsocketSharp/LogLevel.cs
  artifactKey: Guid(27c64de5c5518d44c8769f8cc754fc94) Importer(2089858483,0ecaa5967403d082aa24f35e1b516d23)
Start importing Assets/SocketIO/WebsocketSharp/LogLevel.cs using Guid(27c64de5c5518d44c8769f8cc754fc94) Importer(2089858483,0ecaa5967403d082aa24f35e1b516d23) Generated GUIDs only implemented for interfaces!
 -> (artifact id: '42c022b5ed93b9287db4d19faa39f9a2') in 0.012566 seconds
Number of updated asset objects reloaded before import = 0
Number of asset objects unloaded after import = 1
========================================================================
Received Import Request.
  Time since last request: 0.000046 seconds.
  path: Assets/SocketIO/WebsocketSharp/Net/InputChunkState.cs
  artifactKey: Guid(73a65f8c9aeba4d48b323c877677c0dd) Importer(2089858483,0ecaa5967403d082aa24f35e1b516d23)
Start importing Assets/SocketIO/WebsocketSharp/Net/InputChunkState.cs using Guid(73a65f8c9aeba4d48b323c877677c0dd) Importer(2089858483,0ecaa5967403d082aa24f35e1b516d23) Generated GUIDs only implemented for interfaces!
 -> (artifact id: 'f3f45345a95cbe39fb5630e4f4ccbb8c') in 0.013136 seconds
Number of updated asset objects reloaded before import = 0
Number of asset objects unloaded after import = 1
========================================================================
Received Import Request.
  Time since last request: 0.000020 seconds.
  path: Assets/SocketIO/WebsocketSharp/Net/AuthenticationResponse.cs
  artifactKey: Guid(156616d94d5d5ee4bb1788faf05804ef) Importer(2089858483,0ecaa5967403d082aa24f35e1b516d23)
Start importing Assets/SocketIO/WebsocketSharp/Net/AuthenticationResponse.cs using Guid(156616d94d5d5ee4bb1788faf05804ef) Importer(2089858483,0ecaa5967403d082aa24f35e1b516d23) Generated GUIDs only implemented for interfaces!
 -> (artifact id: 'b5eaa407cb671bb37d528efbb3781b37') in 0.012154 seconds
Number of updated asset objects reloaded before import = 0
Number of asset objects unloaded after import = 1
========================================================================
Received Import Request.
  Time since last request: 0.000063 seconds.
  path: Assets/SocketIO/WebsocketSharp/Net/HttpHeaderType.cs
  artifactKey: Guid(1b01082e447b0084cbdad3796343c597) Importer(2089858483,0ecaa5967403d082aa24f35e1b516d23)
Start importing Assets/SocketIO/WebsocketSharp/Net/HttpHeaderType.cs using Guid(1b01082e447b0084cbdad3796343c597) Importer(2089858483,0ecaa5967403d082aa24f35e1b516d23) Generated GUIDs only implemented for interfaces!
 -> (artifact id: '3cb6ed9424a781ffdbb0186bfcfae147') in 0.013641 seconds
Number of updated asset objects reloaded before import = 0
Number of asset objects unloaded after import = 1
========================================================================
Received Import Request.
  Time since last request: 0.000025 seconds.
  path: Assets/SocketIO/WebsocketSharp/PayloadData.cs
  artifactKey: Guid(ba1c73f5c54ab534e94cb406f218be74) Importer(2089858483,0ecaa5967403d082aa24f35e1b516d23)
Start importing Assets/SocketIO/WebsocketSharp/PayloadData.cs using Guid(ba1c73f5c54ab534e94cb406f218be74) Importer(2089858483,0ecaa5967403d082aa24f35e1b516d23) Generated GUIDs only implemented for interfaces!
 -> (artifact id: '13fc17c83b5e8d91e89e80e6f2b8c40a') in 0.011095 seconds
Number of updated asset objects reloaded before import = 0
Number of asset objects unloaded after import = 1
========================================================================
Received Import Request.
  Time since last request: 0.000026 seconds.
  path: Assets/SocketIO/WebsocketSharp/Net/NetworkCredential.cs
  artifactKey: Guid(d072ecd203a1aef479aea006752b87ca) Importer(2089858483,0ecaa5967403d082aa24f35e1b516d23)
Start importing Assets/SocketIO/WebsocketSharp/Net/NetworkCredential.cs using Guid(d072ecd203a1aef479aea006752b87ca) Importer(2089858483,0ecaa5967403d082aa24f35e1b516d23) Generated GUIDs only implemented for interfaces!
 -> (artifact id: 'af05f41bb46f6694d0e2968f3c470ed9') in 0.013071 seconds
Number of updated asset objects reloaded before import = 0
Number of asset objects unloaded after import = 1
========================================================================
Received Import Request.
  Time since last request: 0.000032 seconds.
  path: Assets/Scripts/Bullet.cs
  artifactKey: Guid(da11515a9d033427fa6815c138b1b855) Importer(2089858483,0ecaa5967403d082aa24f35e1b516d23)
Start importing Assets/Scripts/Bullet.cs using Guid(da11515a9d033427fa6815c138b1b855) Importer(2089858483,0ecaa5967403d082aa24f35e1b516d23) Generated GUIDs only implemented for interfaces!
 -> (artifact id: '631508896b34f04024170e29aa3cf992') in 0.011191 seconds
Number of updated asset objects reloaded before import = 0
Number of asset objects unloaded after import = 1
========================================================================
Received Import Request.
  Time since last request: 0.000024 seconds.
  path: Assets/Scripts/Billboard.cs
  artifactKey: Guid(a07fb1985d0134b55a83e5d8b1683abd) Importer(2089858483,0ecaa5967403d082aa24f35e1b516d23)
Start importing Assets/Scripts/Billboard.cs using Guid(a07fb1985d0134b55a83e5d8b1683abd) Importer(2089858483,0ecaa5967403d082aa24f35e1b516d23) Generated GUIDs only implemented for interfaces!
 -> (artifact id: '9f8623ae9b0aaca14c1363f5136e6423') in 0.012543 seconds
Number of updated asset objects reloaded before import = 0
Number of asset objects unloaded after import = 1
========================================================================
Received Import Request.
  Time since last request: 0.000031 seconds.
  path: Assets/SocketIO/WebsocketSharp/Net/HttpUtility.cs
  artifactKey: Guid(57be9c00db84b3e46b7aef54ab3d8ea9) Importer(2089858483,0ecaa5967403d082aa24f35e1b516d23)
Start importing Assets/SocketIO/WebsocketSharp/Net/HttpUtility.cs using Guid(57be9c00db84b3e46b7aef54ab3d8ea9) Importer(2089858483,0ecaa5967403d082aa24f35e1b516d23) Generated GUIDs only implemented for interfaces!
 -> (artifact id: 'd9eccb65ef6a81c002395b3cbc35f238') in 0.011053 seconds
Number of updated asset objects reloaded before import = 0
Number of asset objects unloaded after import = 1
========================================================================
Received Import Request.
  Time since last request: 0.000055 seconds.
  path: Assets/SocketIO/WebsocketSharp/WebSocketStream.cs
  artifactKey: Guid(67d631278ca52114f86d5b8b9930a34e) Importer(2089858483,0ecaa5967403d082aa24f35e1b516d23)
Start importing Assets/SocketIO/WebsocketSharp/WebSocketStream.cs using Guid(67d631278ca52114f86d5b8b9930a34e) Importer(2089858483,0ecaa5967403d082aa24f35e1b516d23) Generated GUIDs only implemented for interfaces!
 -> (artifact id: 'e63673ab25a5a8bd5e6e7166794a5b13') in 0.015265 seconds
Number of updated asset objects reloaded before import = 0
Number of asset objects unloaded after import = 1
========================================================================
Received Import Request.
  Time since last request: 0.000033 seconds.
  path: Assets/SocketIO/WebsocketSharp/Net/WebHeaderCollection.cs
  artifactKey: Guid(853e55b214b4f6f4fae0cc6424ec0251) Importer(2089858483,0ecaa5967403d082aa24f35e1b516d23)
Start importing Assets/SocketIO/WebsocketSharp/Net/WebHeaderCollection.cs using Guid(853e55b214b4f6f4fae0cc6424ec0251) Importer(2089858483,0ecaa5967403d082aa24f35e1b516d23) Generated GUIDs only implemented for interfaces!
 -> (artifact id: 'd075a01139ce9696d63a5fa8843da815') in 0.012155 seconds
Number of updated asset objects reloaded before import = 0
Number of asset objects unloaded after import = 1
========================================================================
Received Import Request.
  Time since last request: 0.000055 seconds.
  path: Assets/SocketIO/WebsocketSharp/Net/ResponseStream.cs
  artifactKey: Guid(255a052cd2e786d46af71dc6682ee21f) Importer(2089858483,0ecaa5967403d082aa24f35e1b516d23)
Start importing Assets/SocketIO/WebsocketSharp/Net/ResponseStream.cs using Guid(255a052cd2e786d46af71dc6682ee21f) Importer(2089858483,0ecaa5967403d082aa24f35e1b516d23) Generated GUIDs only implemented for interfaces!
 -> (artifact id: '40181fd506ed88763fadaa8e81185daf') in 0.012542 seconds
Number of updated asset objects reloaded before import = 0
Number of asset objects unloaded after import = 1
========================================================================
Received Import Request.
  Time since last request: 0.000019 seconds.
  path: Assets/SocketIO/WebsocketSharp/HandshakeResponse.cs
  artifactKey: Guid(d6cb91ebc2d29fa4fae26c77b016a491) Importer(2089858483,0ecaa5967403d082aa24f35e1b516d23)
Start importing Assets/SocketIO/WebsocketSharp/HandshakeResponse.cs using Guid(d6cb91ebc2d29fa4fae26c77b016a491) Importer(2089858483,0ecaa5967403d082aa24f35e1b516d23) Generated GUIDs only implemented for interfaces!
 -> (artifact id: 'ee8247f2c56cfe8992e3013346f66979') in 0.012194 seconds
Number of updated asset objects reloaded before import = 0
Number of asset objects unloaded after import = 1
========================================================================
Received Import Request.
  Time since last request: 0.000022 seconds.
  path: Assets/SocketIO/JSONObject/VectorTemplates.cs
  artifactKey: Guid(82f5403151f5a4135b184d1fdf8e2d7e) Importer(2089858483,0ecaa5967403d082aa24f35e1b516d23)
Start importing Assets/SocketIO/JSONObject/VectorTemplates.cs using Guid(82f5403151f5a4135b184d1fdf8e2d7e) Importer(2089858483,0ecaa5967403d082aa24f35e1b516d23) Generated GUIDs only implemented for interfaces!
 -> (artifact id: 'b983b9b32af468ac72a996ae2d4125c2') in 0.011262 seconds
Number of updated asset objects reloaded before import = 0
Number of asset objects unloaded after import = 1
========================================================================
Received Import Request.
  Time since last request: 0.000034 seconds.
  path: Assets/SocketIO/Prefabs/SocketIO.prefab
  artifactKey: Guid(010d39cbd03ee4c99a746c1f8ecdc0d8) Importer(2089858483,0ecaa5967403d082aa24f35e1b516d23)
Start importing Assets/SocketIO/Prefabs/SocketIO.prefab using Guid(010d39cbd03ee4c99a746c1f8ecdc0d8) Importer(2089858483,0ecaa5967403d082aa24f35e1b516d23) Generated GUIDs only implemented for interfaces!
 -> (artifact id: '6761f8f5cb6bb962c82722ce12b75f3c') in 0.016471 seconds
Number of updated asset objects reloaded before import = 0
Number of asset objects unloaded after import = 5
Editor requested this worker to shutdown with reason: Scaling down because of idle timeout
TcpMessagingSession - receive error: operation aborted. errorcode: 995, details: The I/O operation has been aborted because of either a thread exit or an application request.
AssetImportWorker is now disconnected from the server
Process exiting
Exiting without the bug reporter. Application will terminate with return code 0